#
# There is insufficient memory for the Java Runtime Environment to continue.
# Native memory allocation (malloc) failed to allocate 32744 bytes for ChunkPool::allocate
# Possible reasons:
#   The system is out of physical RAM or swap space
#   In 32 bit mode, the process size limit was hit
# Possible solutions:
#   Reduce memory load on the system
#   Increase physical memory or swap space
#   Check if swap backing store is full
#   Use 64 bit Java on a 64 bit OS
#   Decrease Java heap size (-Xmx/-Xms)
#   Decrease number of Java threads
#   Decrease Java thread stack sizes (-Xss)
#   Set larger code cache with -XX:ReservedCodeCacheSize=
# This output file may be truncated or incomplete.
#
#  Out of Memory Error (allocation.cpp:273), pid=17244, tid=0x000000000000577c
#
# JRE version: Java(TM) SE Runtime Environment (8.0_101-b13) (build 1.8.0_101-b13)
# Java VM: Java HotSpot(TM) 64-Bit Server VM (25.101-b13 mixed mode windows-amd64 compressed oops)
# Failed to write core dump. Minidumps are not enabled by default on client versions of Windows
#

---------------  T H R E A D  ---------------

Current thread (0x00000000169c2800):  JavaThread "C2 CompilerThread0" daemon [_thread_in_native, id=22396, stack(0x0000000017a30000,0x0000000017b30000)]

Stack: [0x0000000017a30000,0x0000000017b30000]
[error occurred during error reporting (printing stack bounds), id 0xc0000005]

Native frames: (J=compiled Java code, j=interpreted, Vv=VM code, C=native code)


Current CompileTask:
C2:  29873 4359       4       org.springframework.transaction.interceptor.TransactionAttributeSourcePointcut::matches (26 bytes)


---------------  P R O C E S S  ---------------

Java Threads: ( => current thread )
  0x0000000018e47000 JavaThread "spring.cloud.inetutils" daemon [_thread_blocked, id=20756, stack(0x000000001e3f0000,0x000000001e4f0000)]
  0x0000000018e46800 JavaThread "File Watcher" daemon [_thread_blocked, id=18740, stack(0x000000001fac0000,0x000000001fbc0000)]
  0x0000000018e4c800 JavaThread "task-1" [_thread_blocked, id=18428, stack(0x000000001dfb0000,0x000000001e0b0000)]
  0x0000000018e48800 JavaThread "HikariPool-1 housekeeper" daemon [_thread_blocked, id=19336, stack(0x000000001e2f0000,0x000000001e3f0000)]
  0x000000001b970000 JavaThread "mysql-cj-abandoned-connection-cleanup" daemon [_thread_blocked, id=10404, stack(0x000000001db90000,0x000000001dc90000)]
  0x0000000019442800 JavaThread "container-0" [_thread_blocked, id=21036, stack(0x000000001da90000,0x000000001db90000)]
  0x0000000019865000 JavaThread "Catalina-utility-2" [_thread_blocked, id=4996, stack(0x000000001a9b0000,0x000000001aab0000)]
  0x00000000182a9000 JavaThread "Catalina-utility-1" [_thread_blocked, id=17876, stack(0x0000000019f70000,0x000000001a070000)]
  0x0000000019051000 JavaThread "restartedMain" [_thread_in_native, id=13156, stack(0x0000000019c70000,0x0000000019d70000)]
  0x0000000019050800 JavaThread "Thread-0" [_thread_blocked, id=16176, stack(0x0000000019b70000,0x0000000019c70000)]
  0x0000000016a32800 JavaThread "Service Thread" daemon [_thread_blocked, id=20384, stack(0x0000000017c30000,0x0000000017d30000)]
  0x00000000169cb800 JavaThread "C1 CompilerThread1" daemon [_thread_blocked, id=20000, stack(0x0000000017b30000,0x0000000017c30000)]
=>0x00000000169c2800 JavaThread "C2 CompilerThread0" daemon [_thread_in_native, id=22396, stack(0x0000000017a30000,0x0000000017b30000)]
  0x00000000169c1000 JavaThread "Attach Listener" daemon [_thread_blocked, id=12648, stack(0x0000000017930000,0x0000000017a30000)]
  0x00000000169be000 JavaThread "Signal Dispatcher" daemon [_thread_blocked, id=10088, stack(0x0000000017830000,0x0000000017930000)]
  0x00000000169a8000 JavaThread "Finalizer" daemon [_thread_blocked, id=9604, stack(0x0000000017610000,0x0000000017710000)]
  0x0000000003364800 JavaThread "Reference Handler" daemon [_thread_blocked, id=19636, stack(0x0000000017510000,0x0000000017610000)]
  0x0000000003278800 JavaThread "main" [_thread_blocked, id=20752, stack(0x0000000003170000,0x0000000003270000)]

Other Threads:
  0x0000000016986000 VMThread [stack: 0x0000000017410000,0x0000000017510000] [id=5200]
  0x0000000017d59800 WatcherThread [stack: 0x0000000018130000,0x0000000018230000] [id=10444]

VM state:not at safepoint (normal execution)

VM Mutex/Monitor currently owned by a thread: None

Heap:
 PSYoungGen      total 234496K, used 151324K [0x00000000e0900000, 0x00000000f0280000, 0x0000000100000000)
  eden space 222720K, 62% used [0x00000000e0900000,0x00000000e9176d90,0x00000000ee280000)
  from space 11776K, 98% used [0x00000000ef700000,0x00000000f0250540,0x00000000f0280000)
  to   space 14336K, 0% used [0x00000000ee680000,0x00000000ee680000,0x00000000ef480000)
 ParOldGen       total 50688K, used 13164K [0x00000000a1a00000, 0x00000000a4b80000, 0x00000000e0900000)
  object space 50688K, 25% used [0x00000000a1a00000,0x00000000a26db0c8,0x00000000a4b80000)
 Metaspace       used 54565K, capacity 57324K, committed 57468K, reserved 1099776K
  class space    used 7571K, capacity 8056K, committed 8064K, reserved 1048576K

Card table byte_map: [0x0000000012730000,0x0000000012a30000] byte_map_base: 0x0000000012223000

Marking Bits: (ParMarkBitMap*) 0x000000006950a6d0
 Begin Bits: [0x0000000012e30000, 0x00000000145c8000)
 End Bits:   [0x00000000145c8000, 0x0000000015d60000)

Polling page: 0x0000000001790000

CodeCache: size=245760Kb used=13873Kb max_used=13873Kb free=231886Kb
 bounds [0x0000000003370000, 0x0000000004110000, 0x0000000012370000]
 total_blobs=4394 nmethods=3872 adapters=435
 compilation: enabled

Compilation events (10 events):
Event: 29.126 Thread 0x00000000169cb800 4447       3       java.lang.ThreadLocal::setInitialValue (36 bytes)
Event: 29.127 Thread 0x00000000169cb800 nmethod 4447 0x0000000004102ad0 code [0x0000000004102c80, 0x0000000004103138]
Event: 29.130 Thread 0x00000000169cb800 4448       3       org.apache.catalina.core.ApplicationContextFacade::getInitParameter (33 bytes)
Event: 29.131 Thread 0x00000000169cb800 nmethod 4448 0x00000000041032d0 code [0x0000000004103440, 0x0000000004103668]
Event: 29.131 Thread 0x00000000169cb800 4449       3       org.springframework.web.context.support.ServletContextPropertySource::getProperty (6 bytes)
Event: 29.131 Thread 0x00000000169cb800 nmethod 4449 0x0000000004103750 code [0x00000000041038c0, 0x0000000004103c48]
Event: 29.319 Thread 0x00000000169cb800 4450 %     3       java.lang.String$CaseInsensitiveComparator::compare @ 22 (111 bytes)
Event: 29.320 Thread 0x00000000169cb800 nmethod 4450% 0x0000000004103d90 code [0x0000000004104040, 0x0000000004105238]
Event: 29.320 Thread 0x00000000169cb800 4451       3       java.lang.String$CaseInsensitiveComparator::compare (111 bytes)
Event: 29.322 Thread 0x00000000169cb800 nmethod 4451 0x0000000004105e50 code [0x0000000004106100, 0x0000000004107238]

GC Heap History (10 events):
Event: 11.169 GC heap before
{Heap before GC invocations=10 (full 1):
 PSYoungGen      total 108032K, used 98304K [0x00000000e0900000, 0x00000000eda00000, 0x0000000100000000)
  eden space 98304K, 100% used [0x00000000e0900000,0x00000000e6900000,0x00000000e6900000)
  from space 9728K, 0% used [0x00000000e7280000,0x00000000e7280000,0x00000000e7c00000)
  to   space 9728K, 0% used [0x00000000e6900000,0x00000000e6900000,0x00000000e7280000)
 ParOldGen       total 36352K, used 5935K [0x00000000a1a00000, 0x00000000a3d80000, 0x00000000e0900000)
  object space 36352K, 16% used [0x00000000a1a00000,0x00000000a1fcbed8,0x00000000a3d80000)
 Metaspace       used 26592K, capacity 27878K, committed 28156K, reserved 1073152K
  class space    used 3512K, capacity 3767K, committed 3840K, reserved 1048576K
Event: 11.186 GC heap after
Heap after GC invocations=10 (full 1):
 PSYoungGen      total 108032K, used 9704K [0x00000000e0900000, 0x00000000eb400000, 0x0000000100000000)
  eden space 98304K, 0% used [0x00000000e0900000,0x00000000e0900000,0x00000000e6900000)
  from space 9728K, 99% used [0x00000000e6900000,0x00000000e727a160,0x00000000e7280000)
  to   space 11264K, 0% used [0x00000000ea900000,0x00000000ea900000,0x00000000eb400000)
 ParOldGen       total 36352K, used 6206K [0x00000000a1a00000, 0x00000000a3d80000, 0x00000000e0900000)
  object space 36352K, 17% used [0x00000000a1a00000,0x00000000a200f9d8,0x00000000a3d80000)
 Metaspace       used 26592K, capacity 27878K, committed 28156K, reserved 1073152K
  class space    used 3512K, capacity 3767K, committed 3840K, reserved 1048576K
}
Event: 15.495 GC heap before
{Heap before GC invocations=11 (full 1):
 PSYoungGen      total 108032K, used 107991K [0x00000000e0900000, 0x00000000eb400000, 0x0000000100000000)
  eden space 98304K, 99% used [0x00000000e0900000,0x00000000e68fbb68,0x00000000e6900000)
  from space 9728K, 99% used [0x00000000e6900000,0x00000000e727a160,0x00000000e7280000)
  to   space 11264K, 0% used [0x00000000ea900000,0x00000000ea900000,0x00000000eb400000)
 ParOldGen       total 36352K, used 6206K [0x00000000a1a00000, 0x00000000a3d80000, 0x00000000e0900000)
  object space 36352K, 17% used [0x00000000a1a00000,0x00000000a200f9d8,0x00000000a3d80000)
 Metaspace       used 32997K, capacity 35024K, committed 35324K, reserved 1079296K
  class space    used 4445K, capacity 4819K, committed 4864K, reserved 1048576K
Event: 15.521 GC heap after
Heap after GC invocations=11 (full 1):
 PSYoungGen      total 162304K, used 11262K [0x00000000e0900000, 0x00000000eb580000, 0x0000000100000000)
  eden space 151040K, 0% used [0x00000000e0900000,0x00000000e0900000,0x00000000e9c80000)
  from space 11264K, 99% used [0x00000000ea900000,0x00000000eb3ffbb0,0x00000000eb400000)
  to   space 12800K, 0% used [0x00000000e9c80000,0x00000000e9c80000,0x00000000ea900000)
 ParOldGen       total 36352K, used 6547K [0x00000000a1a00000, 0x00000000a3d80000, 0x00000000e0900000)
  object space 36352K, 18% used [0x00000000a1a00000,0x00000000a2064f68,0x00000000a3d80000)
 Metaspace       used 32997K, capacity 35024K, committed 35324K, reserved 1079296K
  class space    used 4445K, capacity 4819K, committed 4864K, reserved 1048576K
}
Event: 15.939 GC heap before
{Heap before GC invocations=12 (full 1):
 PSYoungGen      total 162304K, used 36465K [0x00000000e0900000, 0x00000000eb580000, 0x0000000100000000)
  eden space 151040K, 16% used [0x00000000e0900000,0x00000000e219cb10,0x00000000e9c80000)
  from space 11264K, 99% used [0x00000000ea900000,0x00000000eb3ffbb0,0x00000000eb400000)
  to   space 12800K, 0% used [0x00000000e9c80000,0x00000000e9c80000,0x00000000ea900000)
 ParOldGen       total 36352K, used 6547K [0x00000000a1a00000, 0x00000000a3d80000, 0x00000000e0900000)
  object space 36352K, 18% used [0x00000000a1a00000,0x00000000a2064f68,0x00000000a3d80000)
 Metaspace       used 33873K, capacity 35856K, committed 36048K, reserved 1081344K
  class space    used 4535K, capacity 4883K, committed 4992K, reserved 1048576K
Event: 15.961 GC heap after
Heap after GC invocations=12 (full 1):
 PSYoungGen      total 163840K, used 1872K [0x00000000e0900000, 0x00000000f0400000, 0x0000000100000000)
  eden space 151040K, 0% used [0x00000000e0900000,0x00000000e0900000,0x00000000e9c80000)
  from space 12800K, 14% used [0x00000000e9c80000,0x00000000e9e54018,0x00000000ea900000)
  to   space 13312K, 0% used [0x00000000ef700000,0x00000000ef700000,0x00000000f0400000)
 ParOldGen       total 36352K, used 13194K [0x00000000a1a00000, 0x00000000a3d80000, 0x00000000e0900000)
  object space 36352K, 36% used [0x00000000a1a00000,0x00000000a26e29a8,0x00000000a3d80000)
 Metaspace       used 33873K, capacity 35856K, committed 36048K, reserved 1081344K
  class space    used 4535K, capacity 4883K, committed 4992K, reserved 1048576K
}
Event: 15.961 GC heap before
{Heap before GC invocations=13 (full 2):
 PSYoungGen      total 163840K, used 1872K [0x00000000e0900000, 0x00000000f0400000, 0x0000000100000000)
  eden space 151040K, 0% used [0x00000000e0900000,0x00000000e0900000,0x00000000e9c80000)
  from space 12800K, 14% used [0x00000000e9c80000,0x00000000e9e54018,0x00000000ea900000)
  to   space 13312K, 0% used [0x00000000ef700000,0x00000000ef700000,0x00000000f0400000)
 ParOldGen       total 36352K, used 13194K [0x00000000a1a00000, 0x00000000a3d80000, 0x00000000e0900000)
  object space 36352K, 36% used [0x00000000a1a00000,0x00000000a26e29a8,0x00000000a3d80000)
 Metaspace       used 33873K, capacity 35856K, committed 36048K, reserved 1081344K
  class space    used 4535K, capacity 4883K, committed 4992K, reserved 1048576K
Event: 16.119 GC heap after
Heap after GC invocations=13 (full 2):
 PSYoungGen      total 163840K, used 0K [0x00000000e0900000, 0x00000000f0400000, 0x0000000100000000)
  eden space 151040K, 0% used [0x00000000e0900000,0x00000000e0900000,0x00000000e9c80000)
  from space 12800K, 0% used [0x00000000e9c80000,0x00000000e9c80000,0x00000000ea900000)
  to   space 13312K, 0% used [0x00000000ef700000,0x00000000ef700000,0x00000000f0400000)
 ParOldGen       total 50688K, used 13164K [0x00000000a1a00000, 0x00000000a4b80000, 0x00000000e0900000)
  object space 50688K, 25% used [0x00000000a1a00000,0x00000000a26db0c8,0x00000000a4b80000)
 Metaspace       used 33873K, capacity 35856K, committed 36048K, reserved 1081344K
  class space    used 4535K, capacity 4883K, committed 4992K, reserved 1048576K
}
Event: 20.550 GC heap before
{Heap before GC invocations=14 (full 2):
 PSYoungGen      total 163840K, used 151040K [0x00000000e0900000, 0x00000000f0400000, 0x0000000100000000)
  eden space 151040K, 100% used [0x00000000e0900000,0x00000000e9c80000,0x00000000e9c80000)
  from space 12800K, 0% used [0x00000000e9c80000,0x00000000e9c80000,0x00000000ea900000)
  to   space 13312K, 0% used [0x00000000ef700000,0x00000000ef700000,0x00000000f0400000)
 ParOldGen       total 50688K, used 13164K [0x00000000a1a00000, 0x00000000a4b80000, 0x00000000e0900000)
  object space 50688K, 25% used [0x00000000a1a00000,0x00000000a26db0c8,0x00000000a4b80000)
 Metaspace       used 40940K, capacity 43280K, committed 43516K, reserved 1087488K
  class space    used 5414K, capacity 5818K, committed 5888K, reserved 1048576K
Event: 20.625 GC heap after
Heap after GC invocations=14 (full 2):
 PSYoungGen      total 234496K, used 11585K [0x00000000e0900000, 0x00000000f0280000, 0x0000000100000000)
  eden space 222720K, 0% used [0x00000000e0900000,0x00000000e0900000,0x00000000ee280000)
  from space 11776K, 98% used [0x00000000ef700000,0x00000000f0250540,0x00000000f0280000)
  to   space 14336K, 0% used [0x00000000ee680000,0x00000000ee680000,0x00000000ef480000)
 ParOldGen       total 50688K, used 13164K [0x00000000a1a00000, 0x00000000a4b80000, 0x00000000e0900000)
  object space 50688K, 25% used [0x00000000a1a00000,0x00000000a26db0c8,0x00000000a4b80000)
 Metaspace       used 40940K, capacity 43280K, committed 43516K, reserved 1087488K
  class space    used 5414K, capacity 5818K, committed 5888K, reserved 1048576K
}

Deoptimization events (10 events):
Event: 21.693 Thread 0x0000000018e4c800 Uncommon trap: reason=bimorphic action=maybe_recompile pc=0x0000000003913840 method=java.lang.ClassLoader.loadClass(Ljava/lang/String;Z)Ljava/lang/Class; @ 70
Event: 21.723 Thread 0x0000000019051000 Uncommon trap: reason=unstable_if action=reinterpret pc=0x0000000003e4c600 method=java.util.concurrent.ConcurrentHashMap.putVal(Ljava/lang/Object;Ljava/lang/Object;Z)Ljava/lang/Object; @ 331
Event: 21.728 Thread 0x0000000019051000 Uncommon trap: reason=unstable_if action=reinterpret pc=0x0000000003caba0c method=java.util.concurrent.ConcurrentHashMap.get(Ljava/lang/Object;)Ljava/lang/Object; @ 86
Event: 22.325 Thread 0x0000000019051000 Uncommon trap: reason=unstable_if action=reinterpret pc=0x0000000003fb53b4 method=org.springframework.core.annotation.TypeMappedAnnotations$MergedAnnotationFinder.process(Ljava/lang/Object;ILjava/lang/Object;Ljava/lang/annotation/Annotation;)Lorg/springfra	&H∂^6@
Event: 22.370 Thread 0x0000000018e4c800 Uncommon trap: reason=bimorphic action=maybe_recompile pc=0x0000000003913840 method=java.lang.ClassLoader.loadClass(Ljava/lang/String;Z)Ljava/lang/Class; @ 70
Event: 22.456 Thread 0x0000000019051000 Uncommon trap: reason=unstable_if action=reinterpret pc=0x0000000003ffbb7c method=org.springframework.core.annotation.AnnotationsScanner.isWithoutHierarchy(Ljava/lang/reflect/AnnotatedElement;Lorg/springframework/core/annotation/MergedAnnotations$SearchStrü¯{s…ö6@
Event: 22.605 Thread 0x0000000018e4c800 Uncommon trap: reason=bimorphic action=maybe_recompile pc=0x0000000003913840 method=java.lang.ClassLoader.loadClass(Ljava/lang/String;Z)Ljava/lang/Class; @ 70
Event: 23.190 Thread 0x0000000019051000 Uncommon trap: reason=unstable_if action=reinterpret pc=0x0000000003890530 method=java.util.concurrent.ConcurrentHashMap.transfer([Ljava/util/concurrent/ConcurrentHashMap$Node;[Ljava/util/concurrent/ConcurrentHashMap$Node;)V @ 356
Event: 23.214 Thread 0x0000000019051000 Uncommon trap: reason=unstable_if action=reinterpret pc=0x000000000384e0f8 method=java.util.concurrent.ConcurrentHashMap.transfer([Ljava/util/concurrent/ConcurrentHashMap$Node;[Ljava/util/concurrent/ConcurrentHashMap$Node;)V @ 356
Event: 25.499 Thread 0x0000000018e4c800 Uncommon trap: reason=predicate action=maybe_recompile pc=0x000000000383c508 method=java.lang.String.regionMatches(ZILjava/lang/String;II)Z @ 63

Internal exceptions (10 events):
Event: 28.505 Thread 0x0000000019051000 Exception <a 'java/lang/ClassNotFoundException': org/springframework/aop/framework/ProxyConfigCustomizer> (0x00000000e5960500) thrown at [C:\re\workspace\8-2-build-windows-amd64-cygwin\jdk8u101\7261\hotspot\src\share\vm\classfile\systemDictionary.cpp, line«yI≠AÖ<@
Event: 28.521 Thread 0x0000000019051000 Exception <a 'java/lang/ClassNotFoundException': org/springframework/aop/scope/ScopedProxyFactoryBeanCustomizer> (0x00000000e598d330) thrown at [C:\re\workspace\8-2-build-windows-amd64-cygwin\jdk8u101\7261\hotspot\src\share\vm\classfile\systemDictionary.cpG(lıãÜ<@
Event: 28.526 Thread 0x0000000019051000 Exception <a 'java/lang/ClassNotFoundException': org/springframework/cloud/context/scope/GenericScope$LockedScopedProxyFactoryBeanCustomizer> (0x00000000e59c08a8) thrown at [C:\re\workspace\8-2-build-windows-amd64-cygwin\jdk8u101\7261\hotspot\src\share\vm\ñÜ–˜	ä<@
Event: 28.539 Thread 0x0000000019051000 Exception <a 'java/lang/ClassNotFoundException': org/aopalliance/intercept/MethodInterceptorCustomizer> (0x00000000e59ee340) thrown at [C:\re\workspace\8-2-build-windows-amd64-cygwin\jdk8u101\7261\hotspot\src\share\vm\classfile\systemDictionary.cpp, line 2˘ıClä<@
Event: 28.541 Thread 0x0000000019051000 Exception <a 'java/lang/ClassNotFoundException': org/aopalliance/intercept/InterceptorCustomizer> (0x00000000e5a097c8) thrown at [C:\re\workspace\8-2-build-windows-amd64-cygwin\jdk8u101\7261\hotspot\src\share\vm\classfile\systemDictionary.cpp, line 210]
Event: 28.542 Thread 0x0000000019051000 Exception <a 'java/lang/ClassNotFoundException': org/aopalliance/aop/AdviceCustomizer> (0x00000000e5a206b8) thrown at [C:\re\workspace\8-2-build-windows-amd64-cygwin\jdk8u101\7261\hotspot\src\share\vm\classfile\systemDictionary.cpp, line 210]
Event: 28.543 Thread 0x0000000019051000 Exception <a 'java/lang/ClassNotFoundException': org/springframework/beans/factory/FactoryBeanCustomizer> (0x00000000e5a3df38) thrown at [C:\re\workspace\8-2-build-windows-amd64-cygwin\jdk8u101\7261\hotspot\src\share\vm\classfile\systemDictionary.cpp, line
Event: 28.545 Thread 0x0000000019051000 Exception <a 'java/lang/ClassNotFoundException': org/springframework/beans/factory/BeanFactoryAwareCustomizer> (0x00000000e5a62530) thrown at [C:\re\workspace\8-2-build-windows-amd64-cygwin\jdk8u101\7261\hotspot\src\share\vm\classfile\systemDictionary.cpp,∫ëh∏∑ã<@
Event: 28.546 Thread 0x0000000019051000 Exception <a 'java/lang/ClassNotFoundException': org/springframework/beans/factory/AwareCustomizer> (0x00000000e5a7ef90) thrown at [C:\re\workspace\8-2-build-windows-amd64-cygwin\jdk8u101\7261\hotspot\src\share\vm\classfile\systemDictionary.cpp, line 210]
Event: 28.546 Thread 0x0000000019051000 Exception <a 'java/lang/ClassNotFoundException': org/springframework/aop/framework/AopInfrastructureBeanCustomizer> (0x00000000e5a9fbd8) thrown at [C:\re\workspace\8-2-build-windows-amd64-cygwin\jdk8u101\7261\hotspot\src\share\vm\classfile\systemDictionary—ùr[Å<@

Events (10 events):
Event: 29.091 loading class org/springframework/cloud/netflix/eureka/metadata/DefaultManagementMetadataProvider
Event: 29.091 loading class org/springframework/cloud/netflix/eureka/metadata/DefaultManagementMetadataProvider done
Event: 29.132 loading class com/netflix/appinfo/DataCenterInfo
Event: 29.132 loading class com/netflix/appinfo/DataCenterInfo done
Event: 29.133 loading class com/netflix/appinfo/MyDataCenterInfo
Event: 29.133 loading class com/netflix/appinfo/MyDataCenterInfo done
Event: 29.133 loading class com/netflix/appinfo/DataCenterInfo$Name
Event: 29.133 loading class com/netflix/appinfo/DataCenterInfo$Name done
Event: 29.322 Thread 0x0000000018e46800 DEOPT PACKING pc=0x00000000038cdb12 sp=0x000000001fbbedc0
Event: 29.322 Thread 0x0000000018e46800 DEOPT UNPACKING pc=0x00000000033b747f sp=0x000000001fbbeb08 mode 0


Dynamic libraries:
0x00007ff777490000 - 0x00007ff7774c7000 	C:\Program Files\Java\jdk1.8.0_101\bin\java.exe
0x00007ff8f4b20000 - 0x00007ff8f4d10000 	C:\WINDOWS\SYSTEM32\ntdll.dll
0x00007ff8f4a20000 - 0x00007ff8f4ad2000 	C:\WINDOWS\System32\KERNEL32.DLL
0x00007ff8f2480000 - 0x00007ff8f2725000 	C:\WINDOWS\System32\KERNELBASE.dll
0x00007ff8ef950000 - 0x00007ff8ef9df000 	C:\WINDOWS\SYSTEM32\apphelp.dll
0x00007ff8f3e70000 - 0x00007ff8f3f13000 	C:\WINDOWS\System32\ADVAPI32.dll
0x00007ff8f4320000 - 0x00007ff8f43be000 	C:\WINDOWS\System32\msvcrt.dll
0x00007ff8f3fa0000 - 0x00007ff8f4037000 	C:\WINDOWS\System32\sechost.dll
0x00007ff8f40a0000 - 0x00007ff8f41c0000 	C:\WINDOWS\System32\RPCRT4.dll
0x00007ff8f32a0000 - 0x00007ff8f3435000 	C:\WINDOWS\System32\USER32.dll
0x00007ff8f1ab0000 - 0x00007ff8f1ad1000 	C:\WINDOWS\System32\win32u.dll
0x00007ff8f4580000 - 0x00007ff8f45a6000 	C:\WINDOWS\System32\GDI32.dll
0x00007ff8f2a30000 - 0x00007ff8f2bc6000 	C:\WINDOWS\System32\gdi32full.dll
0x00007ff8f23e0000 - 0x00007ff8f247e000 	C:\WINDOWS\System32\msvcp_win.dll
0x00007ff8f2880000 - 0x00007ff8f297a000 	C:\WINDOWS\System32\ucrtbase.dll
0x00007ff8cf850000 - 0x00007ff8cfad4000 	C:\WINDOWS\WinSxS\amd64_microsoft.windows.common-controls_6595b64144ccf1df_6.0.18362.1082_none_9e8193e1e45b25c1\COMCTL32.dll
0x00007ff8f2bd0000 - 0x00007ff8f2f05000 	C:\WINDOWS\System32\combase.dll
0x00007ff8f2360000 - 0x00007ff8f23e0000 	C:\WINDOWS\System32\bcryptPrimitives.dll
0x00007ff8f2f80000 - 0x00007ff8f2fae000 	C:\WINDOWS\System32\IMM32.DLL
0x0000000069590000 - 0x0000000069662000 	C:\Program Files\Java\jdk1.8.0_101\jre\bin\msvcr100.dll
0x0000000068cf0000 - 0x000000006958a000 	C:\Program Files\Java\jdk1.8.0_101\jre\bin\server\jvm.dll
0x00007ff8f43c0000 - 0x00007ff8f43c8000 	C:\WINDOWS\System32\PSAPI.DLL
0x00007ff8dfa90000 - 0x00007ff8dfa99000 	C:\WINDOWS\SYSTEM32\WSOCK32.dll
0x00007ff8ef850000 - 0x00007ff8ef874000 	C:\WINDOWS\SYSTEM32\WINMM.dll
0x00007ff8f3580000 - 0x00007ff8f35ef000 	C:\WINDOWS\System32\WS2_32.dll
0x00007ff8e7870000 - 0x00007ff8e787a000 	C:\WINDOWS\SYSTEM32\VERSION.dll
0x00007ff8ef820000 - 0x00007ff8ef84d000 	C:\WINDOWS\SYSTEM32\WINMMBASE.dll
0x00007ff8f1ae0000 - 0x00007ff8f1b2a000 	C:\WINDOWS\System32\cfgmgr32.dll
0x000000006bb60000 - 0x000000006bb6f000 	C:\Program Files\Java\jdk1.8.0_101\jre\bin\verify.dll
0x0000000068cc0000 - 0x0000000068ce9000 	C:\Program Files\Java\jdk1.8.0_101\jre\bin\java.dll
0x000000006a720000 - 0x000000006a736000 	C:\Program Files\Java\jdk1.8.0_101\jre\bin\zip.dll
0x00007ff8f3770000 - 0x00007ff8f3e57000 	C:\WINDOWS\System32\SHELL32.dll
0x00007ff8f43d0000 - 0x00007ff8f4479000 	C:\WINDOWS\System32\shcore.dll
0x00007ff8f1b90000 - 0x00007ff8f2310000 	C:\WINDOWS\System32\windows.storage.dll
0x00007ff8f1a80000 - 0x00007ff8f1aa3000 	C:\WINDOWS\System32\profapi.dll
0x00007ff8f1a10000 - 0x00007ff8f1a5a000 	C:\WINDOWS\System32\powrprof.dll
0x00007ff8f19e0000 - 0x00007ff8f19f0000 	C:\WINDOWS\System32\UMPDC.dll
0x00007ff8f4520000 - 0x00007ff8f4572000 	C:\WINDOWS\System32\shlwapi.dll
0x00007ff8f1a60000 - 0x00007ff8f1a71000 	C:\WINDOWS\System32\kernel.appcore.dll
0x00007ff8f2340000 - 0x00007ff8f2357000 	C:\WINDOWS\System32\cryptsp.dll
0x0000000068ca0000 - 0x0000000068cba000 	C:\Program Files\Java\jdk1.8.0_101\jre\bin\net.dll
0x00007ff8f11d0000 - 0x00007ff8f1237000 	C:\WINDOWS\system32\mswsock.dll
0x00007ff8f0ee0000 - 0x00007ff8f0f1a000 	C:\WINDOWS\SYSTEM32\IPHLPAPI.DLL
0x00007ff8f2f70000 - 0x00007ff8f2f78000 	C:\WINDOWS\System32\NSI.dll
0x00007ff8e75b0000 - 0x00007ff8e75c6000 	C:\WINDOWS\SYSTEM32\dhcpcsvc6.DLL
0x00007ff8e7ab0000 - 0x00007ff8e7acc000 	C:\WINDOWS\SYSTEM32\dhcpcsvc.DLL
0x00007ff8f0f30000 - 0x00007ff8f0ffb000 	C:\WINDOWS\SYSTEM32\DNSAPI.dll
0x00007ff8e3120000 - 0x00007ff8e312a000 	C:\Windows\System32\rasadhlp.dll
0x00007ff8e7480000 - 0x00007ff8e74f7000 	C:\WINDOWS\System32\fwpuclnt.dll
0x00007ff8f2310000 - 0x00007ff8f2336000 	C:\WINDOWS\System32\bcrypt.dll
0x0000000068c30000 - 0x0000000068c3d000 	C:\Program Files\Java\jdk1.8.0_101\jre\bin\management.dll
0x00007ff8d99e0000 - 0x00007ff8d99f6000 	C:\WINDOWS\system32\napinsp.dll
0x00007ff8d99c0000 - 0x00007ff8d99da000 	C:\WINDOWS\system32\pnrpnsp.dll
0x00007ff8d99b0000 - 0x00007ff8d99be000 	C:\WINDOWS\System32\winrnr.dll
0x00007ff8edfd0000 - 0x00007ff8edfec000 	C:\WINDOWS\system32\NLAapi.dll
0x00007ff8d9990000 - 0x00007ff8d99a5000 	C:\WINDOWS\system32\wshbth.dll
0x0000000068c80000 - 0x0000000068c91000 	C:\Program Files\Java\jdk1.8.0_101\jre\bin\nio.dll
0x00007ff8f0d40000 - 0x00007ff8f0d73000 	C:\WINDOWS\system32\rsaenh.dll
0x00007ff8f18c0000 - 0x00007ff8f18e5000 	C:\WINDOWS\SYSTEM32\USERENV.dll
0x00007ff8f1400000 - 0x00007ff8f140c000 	C:\WINDOWS\SYSTEM32\CRYPTBASE.dll

VM Arguments:
jvm_args: -Dfile.encoding=UTF8 -Dfile.encoding=UTF-8 
java_command: com.microservicio.usuario.core.microserviciousuario.MicroserviciousuarioApplication
java_class_path (initial): D:\UNIVERSIDAD\Ingenieria de Sistemas\CURSO_SPRING_ANGULAR\microserviciousuario\target\classes;C:\Users\USERPC\.m2\repository\org\springframework\boot\spring-boot-starter-data-jpa\2.4.0-SNAPSHOT\spring-boot-starter-data-jpa-2.4.0-SNAPSHOT.jar;C:\Users\USERPC\.m2\repository\org\springframework\boot\spring-boot-starter-aop\2.4.0-SNAPSHOT\spring-boot-starter-aop-2.4.0-SNAPSHOT.jar;C:\Users\USERPC\.m2\repository\org\springframework\spring-aop\5.3.0-SNAPSHOT\spring-aop-5.3.0-SNAPSHOT.jar;C:\Users\USERPC\.m2\repository\org\aspectj\aspectjweaver\1.9.6\aspectjweaver-1.9.6.jar;C:\Users\USERPC\.m2\repository\org\springframework\boot\spring-boot-starter-jdbc\2.4.0-SNAPSHOT\spring-boot-starter-jdbc-2.4.0-SNAPSHOT.jar;C:\Users\USERPC\.m2\repository\com\zaxxer\HikariCP\3.4.5\HikariCP-3.4.5.jar;C:\Users\USERPC\.m2\repository\org\springframework\spring-jdbc\5.3.0-SNAPSHOT\spring-jdbc-5.3.0-SNAPSHOT.jar;C:\Users\USERPC\.m2\repository\jakarta\transaction\jakarta.transaction-api\1.3.3\jakarta.transaction-api-1.3.3.jar;C:\Users\USERPC\.m2\repository\jakarta\persistence\jakarta.persistence-api\2.2.3\jakarta.persistence-api-2.2.3.jar;C:\Users\USERPC\.m2\repository\org\hibernate\hibernate-core\5.4.22.Final\hibernate-core-5.4.22.Final.jar;C:\Users\USERPC\.m2\repository\org\jboss\logging\jboss-logging\3.4.1.Final\jboss-logging-3.4.1.Final.jar;C:\Users\USERPC\.m2\repository\org\javassist\javassist\3.24.0-GA\javassist-3.24.0-GA.jar;C:\Users\USERPC\.m2\repository\net\bytebuddy\byte-buddy\1.10.17\byte-buddy-1.10.17.jar;C:\Users\USERPC\.m2\repository\antlr\antlr\2.7.7\antlr-2.7.7.jar;C:\Users\USERPC\.m2\repository\org\jboss\jandex\2.1.3.Final\jandex-2.1.3.Final.jar;C:\Users\USERPC\.m2\repository\com\fasterxml\classmate\1.5.1\classmate-1.5.1.jar;C:\Users\USERPC\.m2\repository\org\dom4j\dom4j\2.1.3\dom4j-2.1.3.jar;C:\Users\USERPC\.m2\repository\org\hibernate\common\hibernate-commons-annotations\5.1.0.Final\hibernate-commons-annotations-5.1.0.Final.jar;C:\Users\USERPC\.
Launcher Type: SUN_STANDARD

Environment Variables:
JAVA_HOME=C:\Program Files\Java\jdk1.8.0_101
JAVA_TOOL_OPTIONS=-Dfile.encoding=UTF8
USERNAME=USERPC
OS=Windows_NT
PROCESSOR_IDENTIFIER=Intel64 Family 6 Model 58 Stepping 9, GenuineIntel



---------------  S Y S T E M  ---------------

OS: Windows 10.0 , 64 bit Build 18362 (10.0.18362.1082)

CPU:total 2 (2 cores per cpu, 1 threads per core) family 6 model 58 stepping 9, cmov, cx8, fxsr, mmx, sse, sse2, sse3, ssse3, sse4.1, sse4.2, popcnt, clmul, erms, tsc, tscinvbit, tscinv

Memory: 4k page, physical 6180104k(584148k free), swap 13322088k(4236k free)

vm_info: Java HotSpot(TM) 64-Bit Server VM (25.101-b13) for windows-amd64 JRE (1.8.0_101-b13), built on Jun 22 2016 01:21:29 by "java_re" with MS VC++ 10.0 (VS2010)

time: Thu Oct 22 22:41:57 2020
elapsed time: 29 seconds (0d 0h 0m 29s)

