#
# There is insufficient memory for the Java Runtime Environment to continue.
# Native memory allocation (malloc) failed to allocate 1053824 bytes for Chunk::new
# Possible reasons:
#   The system is out of physical RAM or swap space
#   In 32 bit mode, the process size limit was hit
# Possible solutions:
#   Reduce memory load on the system
#   Increase physical memory or swap space
#   Check if swap backing store is full
#   Use 64 bit Java on a 64 bit OS
#   Decrease Java heap size (-Xmx/-Xms)
#   Decrease number of Java threads
#   Decrease Java thread stack sizes (-Xss)
#   Set larger code cache with -XX:ReservedCodeCacheSize=
# This output file may be truncated or incomplete.
#
#  Out of Memory Error (allocation.cpp:390), pid=22208, tid=0x0000000000003518
#
# JRE version: Java(TM) SE Runtime Environment (8.0_101-b13) (build 1.8.0_101-b13)
# Java VM: Java HotSpot(TM) 64-Bit Server VM (25.101-b13 mixed mode windows-amd64 compressed oops)
# Failed to write core dump. Minidumps are not enabled by default on client versions of Windows
#

---------------  T H R E A D  ---------------

Current thread (0x0000000015ac1000):  JavaThread "C2 CompilerThread0" daemon [_thread_in_native, id=13592, stack(0x0000000016b00000,0x0000000016c00000)]

Stack: [0x0000000016b00000,0x0000000016c00000]
[error occurred during error reporting (printing stack bounds), id 0xc0000005]

Native frames: (J=compiled Java code, j=interpreted, Vv=VM code, C=native code)


Current CompileTask:
C2:  12495 2933       4       org.springframework.beans.factory.support.AbstractBeanFactory::isTypeMatch (607 bytes)


---------------  P R O C E S S  ---------------

Java Threads: ( => current thread )
  0x0000000017e31800 JavaThread "restartedMain" [_thread_in_native, id=16756, stack(0x0000000018d40000,0x0000000018e40000)]
  0x0000000017a96000 JavaThread "Thread-0" [_thread_blocked, id=19516, stack(0x0000000018c40000,0x0000000018d40000)]
  0x0000000015b15800 JavaThread "Service Thread" daemon [_thread_blocked, id=19280, stack(0x0000000016d00000,0x0000000016e00000)]
  0x0000000015b10000 JavaThread "C1 CompilerThread1" daemon [_thread_blocked, id=20128, stack(0x0000000016c00000,0x0000000016d00000)]
=>0x0000000015ac1000 JavaThread "C2 CompilerThread0" daemon [_thread_in_native, id=13592, stack(0x0000000016b00000,0x0000000016c00000)]
  0x0000000015ac0000 JavaThread "Attach Listener" daemon [_thread_blocked, id=3852, stack(0x0000000016a00000,0x0000000016b00000)]
  0x0000000015abb000 JavaThread "Signal Dispatcher" daemon [_thread_blocked, id=6248, stack(0x0000000016900000,0x0000000016a00000)]
  0x0000000015a98000 JavaThread "Finalizer" daemon [_thread_blocked, id=19080, stack(0x00000000166e0000,0x00000000167e0000)]
  0x0000000002454800 JavaThread "Reference Handler" daemon [_thread_blocked, id=17836, stack(0x00000000165e0000,0x00000000166e0000)]
  0x0000000002368800 JavaThread "main" [_thread_blocked, id=21672, stack(0x0000000002170000,0x0000000002270000)]

Other Threads:
  0x0000000015a76800 VMThread [stack: 0x00000000164e0000,0x00000000165e0000] [id=11116]
  0x0000000015b43800 WatcherThread [stack: 0x0000000017200000,0x0000000017300000] [id=8260]

VM state:not at safepoint (normal execution)

VM Mutex/Monitor currently owned by a thread: None

Heap:
 PSYoungGen      total 106496K, used 65341K [0x00000000e0900000, 0x00000000eb580000, 0x0000000100000000)
  eden space 96768K, 57% used [0x00000000e0900000,0x00000000e3f56470,0x00000000e6780000)
  from space 9728K, 99% used [0x00000000e7280000,0x00000000e7bf9260,0x00000000e7c00000)
  to   space 11264K, 0% used [0x00000000e6780000,0x00000000e6780000,0x00000000e7280000)
 ParOldGen       total 46080K, used 8117K [0x00000000a1a00000, 0x00000000a4700000, 0x00000000e0900000)
  object space 46080K, 17% used [0x00000000a1a00000,0x00000000a21ed7b8,0x00000000a4700000)
 Metaspace       used 31001K, capacity 32658K, committed 32896K, reserved 1077248K
  class space    used 4181K, capacity 4478K, committed 4480K, reserved 1048576K

Card table byte_map: [0x0000000011820000,0x0000000011b20000] byte_map_base: 0x0000000011313000

Marking Bits: (ParMarkBitMap*) 0x000000006950a6d0
 Begin Bits: [0x0000000011f20000, 0x00000000136b8000)
 End Bits:   [0x00000000136b8000, 0x0000000014e50000)

Polling page: 0x0000000000530000

CodeCache: size=245760Kb used=10004Kb max_used=10004Kb free=235755Kb
 bounds [0x0000000002460000, 0x0000000002e30000, 0x0000000011460000]
 total_blobs=3182 nmethods=2791 adapters=304
 compilation: enabled

Compilation events (10 events):
Event: 12.458 Thread 0x0000000015b10000 nmethod 2980 0x0000000002e1ee50 code [0x0000000002e1f060, 0x0000000002e1fac8]
Event: 12.463 Thread 0x0000000015b10000 2981       2       org.springframework.beans.factory.support.AbstractBeanFactory::getMergedLocalBeanDefinition (38 bytes)
Event: 12.463 Thread 0x0000000015b10000 nmethod 2981 0x0000000002e202d0 code [0x0000000002e20460, 0x0000000002e206c8]
Event: 12.464 Thread 0x0000000015b10000 2982       3       org.springframework.core.ResolvableType::forMethodParameter (40 bytes)
Event: 12.465 Thread 0x0000000015b10000 nmethod 2982 0x0000000002e20810 code [0x0000000002e20a20, 0x0000000002e21568]
Event: 12.465 Thread 0x0000000015b10000 2983       3       org.springframework.core.MethodParameter::getContainingClass (18 bytes)
Event: 12.465 Thread 0x0000000015b10000 nmethod 2983 0x0000000002e21a50 code [0x0000000002e21bc0, 0x0000000002e21f08]
Event: 12.465 Thread 0x0000000015b10000 2984       3       org.springframework.util.ClassUtils::determineCommonAncestor (61 bytes)
Event: 12.466 Thread 0x0000000015b10000 nmethod 2984 0x0000000002e22010 code [0x0000000002e221c0, 0x0000000002e22858]
Event: 12.466 Thread 0x0000000015b10000 2985       3       org.springframework.core.MethodParameter::getGenericParameterType (147 bytes)

GC Heap History (10 events):
Event: 4.984 GC heap before
{Heap before GC invocations=5 (full 0):
 PSYoungGen      total 53248K, used 53231K [0x00000000e0900000, 0x00000000e4100000, 0x0000000100000000)
  eden space 49152K, 100% used [0x00000000e0900000,0x00000000e3900000,0x00000000e3900000)
  from space 4096K, 99% used [0x00000000e3d00000,0x00000000e40fbf10,0x00000000e4100000)
  to   space 4096K, 0% used [0x00000000e3900000,0x00000000e3900000,0x00000000e3d00000)
 ParOldGen       total 65536K, used 4095K [0x00000000a1a00000, 0x00000000a5a00000, 0x00000000e0900000)
  object space 65536K, 6% used [0x00000000a1a00000,0x00000000a1dffd18,0x00000000a5a00000)
 Metaspace       used 16141K, capacity 16912K, committed 17152K, reserved 1064960K
  class space    used 2065K, capacity 2244K, committed 2304K, reserved 1048576K
Event: 5.004 GC heap after
Heap after GC invocations=5 (full 0):
 PSYoungGen      total 53248K, used 4064K [0x00000000e0900000, 0x00000000e7c00000, 0x0000000100000000)
  eden space 49152K, 0% used [0x00000000e0900000,0x00000000e0900000,0x00000000e3900000)
  from space 4096K, 99% used [0x00000000e3900000,0x00000000e3cf8020,0x00000000e3d00000)
  to   space 9728K, 0% used [0x00000000e7280000,0x00000000e7280000,0x00000000e7c00000)
 ParOldGen       total 65536K, used 7840K [0x00000000a1a00000, 0x00000000a5a00000, 0x00000000e0900000)
  object space 65536K, 11% used [0x00000000a1a00000,0x00000000a21a81d8,0x00000000a5a00000)
 Metaspace       used 16141K, capacity 16912K, committed 17152K, reserved 1064960K
  class space    used 2065K, capacity 2244K, committed 2304K, reserved 1048576K
}
Event: 5.724 GC heap before
{Heap before GC invocations=6 (full 0):
 PSYoungGen      total 53248K, used 53199K [0x00000000e0900000, 0x00000000e7c00000, 0x0000000100000000)
  eden space 49152K, 99% used [0x00000000e0900000,0x00000000e38fbf80,0x00000000e3900000)
  from space 4096K, 99% used [0x00000000e3900000,0x00000000e3cf8020,0x00000000e3d00000)
  to   space 9728K, 0% used [0x00000000e7280000,0x00000000e7280000,0x00000000e7c00000)
 ParOldGen       total 65536K, used 7840K [0x00000000a1a00000, 0x00000000a5a00000, 0x00000000e0900000)
  object space 65536K, 11% used [0x00000000a1a00000,0x00000000a21a81d8,0x00000000a5a00000)
 Metaspace       used 18417K, capacity 19294K, committed 19584K, reserved 1067008K
  class space    used 2459K, capacity 2662K, committed 2688K, reserved 1048576K
Event: 5.742 GC heap after
Heap after GC invocations=6 (full 0):
 PSYoungGen      total 107520K, used 7175K [0x00000000e0900000, 0x00000000e7d00000, 0x0000000100000000)
  eden space 97792K, 0% used [0x00000000e0900000,0x00000000e0900000,0x00000000e6880000)
  from space 9728K, 73% used [0x00000000e7280000,0x00000000e7981cf8,0x00000000e7c00000)
  to   space 10240K, 0% used [0x00000000e6880000,0x00000000e6880000,0x00000000e7280000)
 ParOldGen       total 65536K, used 7848K [0x00000000a1a00000, 0x00000000a5a00000, 0x00000000e0900000)
  object space 65536K, 11% used [0x00000000a1a00000,0x00000000a21aa1d8,0x00000000a5a00000)
 Metaspace       used 18417K, capacity 19294K, committed 19584K, reserved 1067008K
  class space    used 2459K, capacity 2662K, committed 2688K, reserved 1048576K
}
Event: 6.262 GC heap before
{Heap before GC invocations=7 (full 0):
 PSYoungGen      total 107520K, used 58054K [0x00000000e0900000, 0x00000000e7d00000, 0x0000000100000000)
  eden space 97792K, 52% used [0x00000000e0900000,0x00000000e3aafe50,0x00000000e6880000)
  from space 9728K, 73% used [0x00000000e7280000,0x00000000e7981cf8,0x00000000e7c00000)
  to   space 10240K, 0% used [0x00000000e6880000,0x00000000e6880000,0x00000000e7280000)
 ParOldGen       total 65536K, used 7848K [0x00000000a1a00000, 0x00000000a5a00000, 0x00000000e0900000)
  object space 65536K, 11% used [0x00000000a1a00000,0x00000000a21aa1d8,0x00000000a5a00000)
 Metaspace       used 20311K, capacity 21180K, committed 21296K, reserved 1067008K
  class space    used 2654K, capacity 2845K, committed 2944K, reserved 1048576K
Event: 6.284 GC heap after
Heap after GC invocations=7 (full 0):
 PSYoungGen      total 108032K, used 6182K [0x00000000e0900000, 0x00000000e7d00000, 0x0000000100000000)
  eden space 97792K, 0% used [0x00000000e0900000,0x00000000e0900000,0x00000000e6880000)
  from space 10240K, 60% used [0x00000000e6880000,0x00000000e6e89aa8,0x00000000e7280000)
  to   space 9728K, 0% used [0x00000000e7280000,0x00000000e7280000,0x00000000e7c00000)
 ParOldGen       total 65536K, used 9506K [0x00000000a1a00000, 0x00000000a5a00000, 0x00000000e0900000)
  object space 65536K, 14% used [0x00000000a1a00000,0x00000000a2348a48,0x00000000a5a00000)
 Metaspace       used 20311K, capacity 21180K, committed 21296K, reserved 1067008K
  class space    used 2654K, capacity 2845K, committed 2944K, reserved 1048576K
}
Event: 6.284 GC heap before
{Heap before GC invocations=8 (full 1):
 PSYoungGen      total 108032K, used 6182K [0x00000000e0900000, 0x00000000e7d00000, 0x0000000100000000)
  eden space 97792K, 0% used [0x00000000e0900000,0x00000000e0900000,0x00000000e6880000)
  from space 10240K, 60% used [0x00000000e6880000,0x00000000e6e89aa8,0x00000000e7280000)
  to   space 9728K, 0% used [0x00000000e7280000,0x00000000e7280000,0x00000000e7c00000)
 ParOldGen       total 65536K, used 9506K [0x00000000a1a00000, 0x00000000a5a00000, 0x00000000e0900000)
  object space 65536K, 14% used [0x00000000a1a00000,0x00000000a2348a48,0x00000000a5a00000)
 Metaspace       used 20311K, capacity 21180K, committed 21296K, reserved 1067008K
  class space    used 2654K, capacity 2845K, committed 2944K, reserved 1048576K
Event: 6.442 GC heap after
Heap after GC invocations=8 (full 1):
 PSYoungGen      total 108032K, used 0K [0x00000000e0900000, 0x00000000e7d00000, 0x0000000100000000)
  eden space 97792K, 0% used [0x00000000e0900000,0x00000000e0900000,0x00000000e6880000)
  from space 10240K, 0% used [0x00000000e6880000,0x00000000e6880000,0x00000000e7280000)
  to   space 9728K, 0% used [0x00000000e7280000,0x00000000e7280000,0x00000000e7c00000)
 ParOldGen       total 46080K, used 7775K [0x00000000a1a00000, 0x00000000a4700000, 0x00000000e0900000)
  object space 46080K, 16% used [0x00000000a1a00000,0x00000000a2197ef8,0x00000000a4700000)
 Metaspace       used 20311K, capacity 21180K, committed 21296K, reserved 1067008K
  class space    used 2654K, capacity 2845K, committed 2944K, reserved 1048576K
}
Event: 9.396 GC heap before
{Heap before GC invocations=9 (full 1):
 PSYoungGen      total 108032K, used 97792K [0x00000000e0900000, 0x00000000e7d00000, 0x0000000100000000)
  eden space 97792K, 100% used [0x00000000e0900000,0x00000000e6880000,0x00000000e6880000)
  from space 10240K, 0% used [0x00000000e6880000,0x00000000e6880000,0x00000000e7280000)
  to   space 9728K, 0% used [0x00000000e7280000,0x00000000e7280000,0x00000000e7c00000)
 ParOldGen       total 46080K, used 7775K [0x00000000a1a00000, 0x00000000a4700000, 0x00000000e0900000)
  object space 46080K, 16% used [0x00000000a1a00000,0x00000000a2197ef8,0x00000000a4700000)
 Metaspace       used 26713K, capacity 27982K, committed 28160K, reserved 1073152K
  class space    used 3548K, capacity 3799K, committed 3840K, reserved 1048576K
Event: 9.411 GC heap after
Heap after GC invocations=9 (full 1):
 PSYoungGen      total 106496K, used 9700K [0x00000000e0900000, 0x00000000eb580000, 0x0000000100000000)
  eden space 96768K, 0% used [0x00000000e0900000,0x00000000e0900000,0x00000000e6780000)
  from space 9728K, 99% used [0x00000000e7280000,0x00000000e7bf9260,0x00000000e7c00000)
  to   space 11264K, 0% used [0x00000000e6780000,0x00000000e6780000,0x00000000e7280000)
 ParOldGen       total 46080K, used 8117K [0x00000000a1a00000, 0x00000000a4700000, 0x00000000e0900000)
  object space 46080K, 17% used [0x00000000a1a00000,0x00000000a21ed7b8,0x00000000a4700000)
 Metaspace       used 26713K, capacity 27982K, committed 28160K, reserved 1073152K
  class space    used 3548K, capacity 3799K, committed 3840K, reserved 1048576K
}

Deoptimization events (10 events):
Event: 11.615 Thread 0x0000000017e31800 Uncommon trap: reason=unstable_if action=reinterpret pc=0x0000000002d8ab7c method=java.lang.reflect.Method.equals(Ljava/lang/Object;)Z @ 1
Event: 11.656 Thread 0x0000000017e31800 Uncommon trap: reason=unstable_if action=reinterpret pc=0x0000000002b1e640 method=org.springframework.util.ConcurrentReferenceHashMap$Segment.findInChain(Lorg/springframework/util/ConcurrentReferenceHashMap$Reference;Ljava/lang/Object;I)Lorg/springframeworó
úÁ¯O'@
Event: 11.656 Thread 0x0000000017e31800 Uncommon trap: reason=unstable_if action=reinterpret pc=0x0000000002af13b8 method=org.springframework.util.ConcurrentReferenceHashMap$Segment.findInChain(Lorg/springframework/util/ConcurrentReferenceHashMap$Reference;Ljava/lang/Object;I)Lorg/springframewor
Event: 11.656 Thread 0x0000000017e31800 Uncommon trap: reason=unstable_if action=reinterpret pc=0x0000000002b36054 method=org.springframework.util.ConcurrentReferenceHashMap$Segment.findInChain(Lorg/springframework/util/ConcurrentReferenceHashMap$Reference;Ljava/lang/Object;I)Lorg/springframewor{1”í.(@
Event: 12.092 Thread 0x0000000017e31800 Uncommon trap: reason=unstable_if action=reinterpret pc=0x0000000002b42238 method=java.io.WinNTFileSystem.prefixLength(Ljava/lang/String;)I @ 61
Event: 12.097 Thread 0x0000000017e31800 Uncommon trap: reason=unstable_if action=reinterpret pc=0x0000000002cce3fc method=java.io.WinNTFileSystem.resolve(Ljava/lang/String;Ljava/lang/String;)Ljava/lang/String; @ 117
Event: 12.255 Thread 0x0000000017e31800 Uncommon trap: reason=unstable_if action=reinterpret pc=0x0000000002a464c0 method=java.util.concurrent.ConcurrentHashMap.get(Ljava/lang/Object;)Ljava/lang/Object; @ 76
Event: 12.261 Thread 0x0000000017e31800 Uncommon trap: reason=class_check action=maybe_recompile pc=0x0000000002bf26bc method=java.util.concurrent.ConcurrentHashMap.putVal(Ljava/lang/Object;Ljava/lang/Object;Z)Ljava/lang/Object; @ 192
Event: 12.447 Thread 0x0000000017e31800 Uncommon trap: reason=class_check action=maybe_recompile pc=0x0000000002bf26bc method=java.util.concurrent.ConcurrentHashMap.putVal(Ljava/lang/Object;Ljava/lang/Object;Z)Ljava/lang/Object; @ 192
Event: 12.456 Thread 0x0000000017e31800 Uncommon trap: reason=null_check action=make_not_entrant pc=0x00000000025c3554 method=org.springframework.beans.factory.support.DefaultListableBeanFactory.getBeanDefinition(Ljava/lang/String;)Lorg/springframework/beans/factory/config/BeanDefinition; @ 10

Internal exceptions (10 events):
Event: 11.409 Thread 0x0000000017e31800 Exception <a 'java/lang/ClassNotFoundException': org/springframework/aop/framework/AopInfrastructureBeanCustomizer> (0x00000000e30c53c0) thrown at [C:\re\workspace\8-2-build-windows-amd64-cygwin\jdk8u101\7261\hotspot\src\share\vm\classfile\systemDictionarydyW=`Ú&@
Event: 11.427 Thread 0x0000000017e31800 Exception <a 'java/lang/NoSuchMethodError': java.lang.Object.lambda$thenComparing$36697e65$1(Ljava/util/Comparator;Ljava/lang/Object;Ljava/lang/Object;)I> (0x00000000e31707e0) thrown at [C:\re\workspace\8-2-build-windows-amd64-cygwin\jdk8u101\7261\hotspot\
Event: 11.608 Thread 0x0000000017e31800 Exception <a 'java/lang/ClassNotFoundException': java/lang/ObjectCustomizer> (0x00000000e358e3c8) thrown at [C:\re\workspace\8-2-build-windows-amd64-cygwin\jdk8u101\7261\hotspot\src\share\vm\classfile\systemDictionary.cpp, line 210]
Event: 11.612 Thread 0x0000000017e31800 Exception <a 'java/lang/ClassNotFoundException': org/springframework/transaction/annotation/AbstractTransactionManagementConfigurationCustomizer> (0x00000000e35bd430) thrown at [C:\re\workspace\8-2-build-windows-amd64-cygwin\jdk8u101\7261\hotspot\src\shareg@b`Â9'@
Event: 11.613 Thread 0x0000000017e31800 Exception <a 'java/lang/ClassNotFoundException': org/springframework/transaction/annotation/ProxyTransactionManagementConfigurationCustomizer> (0x00000000e35ea868) thrown at [C:\re\workspace\8-2-build-windows-amd64-cygwin\jdk8u101\7261\hotspot\src\share\vm§}Î8h:'@
Event: 11.614 Thread 0x0000000017e31800 Exception <a 'java/lang/ClassNotFoundException': org/springframework/context/annotation/ImportAwareCustomizer> (0x00000000e360e7e8) thrown at [C:\re\workspace\8-2-build-windows-amd64-cygwin\jdk8u101\7261\hotspot\src\share\vm\classfile\systemDictionary.cpp,‚"qê:'@
Event: 11.615 Thread 0x0000000017e31800 Exception <a 'java/lang/ClassNotFoundException': org/springframework/beans/factory/AwareCustomizer> (0x00000000e362ab30) thrown at [C:\re\workspace\8-2-build-windows-amd64-cygwin\jdk8u101\7261\hotspot\src\share\vm\classfile\systemDictionary.cpp, line 210]
Event: 11.615 Thread 0x0000000017e31800 Implicit null exception at 0x0000000002d8a9cc to 0x0000000002d8ab69
Event: 11.932 Thread 0x0000000017e31800 Exception <a 'java/lang/NoSuchMethodError': java.lang.Object.lambda$map$1(Ljava/util/function/Function;)Ljava/util/stream/Stream;> (0x00000000e394b700) thrown at [C:\re\workspace\8-2-build-windows-amd64-cygwin\jdk8u101\7261\hotspot\src\share\vm\interpreteröøsÀdé(@
Event: 12.456 Thread 0x0000000017e31800 Implicit null exception at 0x00000000025c33a7 to 0x00000000025c3549

Events (10 events):
Event: 12.460 loading class org/springframework/boot/context/properties/ConversionServiceDeducer$Factory
Event: 12.460 loading class org/springframework/boot/context/properties/ConversionServiceDeducer$Factory done
Event: 12.462 loading class org/springframework/beans/factory/annotation/BeanFactoryAnnotationUtils
Event: 12.462 loading class org/springframework/beans/factory/annotation/BeanFactoryAnnotationUtils done
Event: 12.465 loading class org/springframework/beans/PropertyEditorRegistry
Event: 12.466 loading class org/springframework/beans/PropertyEditorRegistry done
Event: 12.466 loading class org/springframework/beans/PropertyEditorRegistry
Event: 12.466 loading class org/springframework/beans/PropertyEditorRegistry done
Event: 12.466 loading class org/springframework/beans/factory/config/ConfigurableListableBeanFactory
Event: 12.466 loading class org/springframework/beans/factory/config/ConfigurableListableBeanFactory done


Dynamic libraries:
0x00007ff777490000 - 0x00007ff7774c7000 	C:\Program Files\Java\jdk1.8.0_101\bin\java.exe
0x00007ff8f4b20000 - 0x00007ff8f4d10000 	C:\WINDOWS\SYSTEM32\ntdll.dll
0x00007ff8f4a20000 - 0x00007ff8f4ad2000 	C:\WINDOWS\System32\KERNEL32.DLL
0x00007ff8f2480000 - 0x00007ff8f2725000 	C:\WINDOWS\System32\KERNELBASE.dll
0x00007ff8ef950000 - 0x00007ff8ef9df000 	C:\WINDOWS\SYSTEM32\apphelp.dll
0x00007ff8f3e70000 - 0x00007ff8f3f13000 	C:\WINDOWS\System32\ADVAPI32.dll
0x00007ff8f4320000 - 0x00007ff8f43be000 	C:\WINDOWS\System32\msvcrt.dll
0x00007ff8f3fa0000 - 0x00007ff8f4037000 	C:\WINDOWS\System32\sechost.dll
0x00007ff8f40a0000 - 0x00007ff8f41c0000 	C:\WINDOWS\System32\RPCRT4.dll
0x00007ff8f32a0000 - 0x00007ff8f3435000 	C:\WINDOWS\System32\USER32.dll
0x00007ff8f1ab0000 - 0x00007ff8f1ad1000 	C:\WINDOWS\System32\win32u.dll
0x00007ff8f4580000 - 0x00007ff8f45a6000 	C:\WINDOWS\System32\GDI32.dll
0x00007ff8f2a30000 - 0x00007ff8f2bc6000 	C:\WINDOWS\System32\gdi32full.dll
0x00007ff8f23e0000 - 0x00007ff8f247e000 	C:\WINDOWS\System32\msvcp_win.dll
0x00007ff8f2880000 - 0x00007ff8f297a000 	C:\WINDOWS\System32\ucrtbase.dll
0x00007ff8cf850000 - 0x00007ff8cfad4000 	C:\WINDOWS\WinSxS\amd64_microsoft.windows.common-controls_6595b64144ccf1df_6.0.18362.1082_none_9e8193e1e45b25c1\COMCTL32.dll
0x00007ff8f2bd0000 - 0x00007ff8f2f05000 	C:\WINDOWS\System32\combase.dll
0x00007ff8f2360000 - 0x00007ff8f23e0000 	C:\WINDOWS\System32\bcryptPrimitives.dll
0x00007ff8f2f80000 - 0x00007ff8f2fae000 	C:\WINDOWS\System32\IMM32.DLL
0x0000000069590000 - 0x0000000069662000 	C:\Program Files\Java\jdk1.8.0_101\jre\bin\msvcr100.dll
0x0000000068cf0000 - 0x000000006958a000 	C:\Program Files\Java\jdk1.8.0_101\jre\bin\server\jvm.dll
0x00007ff8f43c0000 - 0x00007ff8f43c8000 	C:\WINDOWS\System32\PSAPI.DLL
0x00007ff8dfa90000 - 0x00007ff8dfa99000 	C:\WINDOWS\SYSTEM32\WSOCK32.dll
0x00007ff8f3580000 - 0x00007ff8f35ef000 	C:\WINDOWS\System32\WS2_32.dll
0x00007ff8ef850000 - 0x00007ff8ef874000 	C:\WINDOWS\SYSTEM32\WINMM.dll
0x00007ff8e7870000 - 0x00007ff8e787a000 	C:\WINDOWS\SYSTEM32\VERSION.dll
0x00007ff8ef820000 - 0x00007ff8ef84d000 	C:\WINDOWS\SYSTEM32\WINMMBASE.dll
0x00007ff8f1ae0000 - 0x00007ff8f1b2a000 	C:\WINDOWS\System32\cfgmgr32.dll
0x000000006bb60000 - 0x000000006bb6f000 	C:\Program Files\Java\jdk1.8.0_101\jre\bin\verify.dll
0x0000000068cc0000 - 0x0000000068ce9000 	C:\Program Files\Java\jdk1.8.0_101\jre\bin\java.dll
0x000000006a720000 - 0x000000006a736000 	C:\Program Files\Java\jdk1.8.0_101\jre\bin\zip.dll
0x00007ff8f3770000 - 0x00007ff8f3e57000 	C:\WINDOWS\System32\SHELL32.dll
0x00007ff8f43d0000 - 0x00007ff8f4479000 	C:\WINDOWS\System32\shcore.dll
0x00007ff8f1b90000 - 0x00007ff8f2310000 	C:\WINDOWS\System32\windows.storage.dll
0x00007ff8f1a80000 - 0x00007ff8f1aa3000 	C:\WINDOWS\System32\profapi.dll
0x00007ff8f1a10000 - 0x00007ff8f1a5a000 	C:\WINDOWS\System32\powrprof.dll
0x00007ff8f19e0000 - 0x00007ff8f19f0000 	C:\WINDOWS\System32\UMPDC.dll
0x00007ff8f4520000 - 0x00007ff8f4572000 	C:\WINDOWS\System32\shlwapi.dll
0x00007ff8f1a60000 - 0x00007ff8f1a71000 	C:\WINDOWS\System32\kernel.appcore.dll
0x00007ff8f2340000 - 0x00007ff8f2357000 	C:\WINDOWS\System32\cryptsp.dll
0x0000000068ca0000 - 0x0000000068cba000 	C:\Program Files\Java\jdk1.8.0_101\jre\bin\net.dll
0x00007ff8f11d0000 - 0x00007ff8f1237000 	C:\WINDOWS\system32\mswsock.dll
0x00007ff8f0ee0000 - 0x00007ff8f0f1a000 	C:\WINDOWS\SYSTEM32\IPHLPAPI.DLL
0x00007ff8f2f70000 - 0x00007ff8f2f78000 	C:\WINDOWS\System32\NSI.dll
0x00007ff8e75b0000 - 0x00007ff8e75c6000 	C:\WINDOWS\SYSTEM32\dhcpcsvc6.DLL
0x00007ff8e7ab0000 - 0x00007ff8e7acc000 	C:\WINDOWS\SYSTEM32\dhcpcsvc.DLL
0x00007ff8f0f30000 - 0x00007ff8f0ffb000 	C:\WINDOWS\SYSTEM32\DNSAPI.dll
0x00007ff8e3120000 - 0x00007ff8e312a000 	C:\Windows\System32\rasadhlp.dll
0x00007ff8e7480000 - 0x00007ff8e74f7000 	C:\WINDOWS\System32\fwpuclnt.dll
0x00007ff8f2310000 - 0x00007ff8f2336000 	C:\WINDOWS\System32\bcrypt.dll
0x0000000068c30000 - 0x0000000068c3d000 	C:\Program Files\Java\jdk1.8.0_101\jre\bin\management.dll
0x00007ff8d99e0000 - 0x00007ff8d99f6000 	C:\WINDOWS\system32\napinsp.dll
0x00007ff8d99c0000 - 0x00007ff8d99da000 	C:\WINDOWS\system32\pnrpnsp.dll
0x00007ff8d99b0000 - 0x00007ff8d99be000 	C:\WINDOWS\System32\winrnr.dll
0x00007ff8edfd0000 - 0x00007ff8edfec000 	C:\WINDOWS\system32\NLAapi.dll
0x00007ff8d9990000 - 0x00007ff8d99a5000 	C:\WINDOWS\system32\wshbth.dll
0x0000000068c80000 - 0x0000000068c91000 	C:\Program Files\Java\jdk1.8.0_101\jre\bin\nio.dll

VM Arguments:
jvm_args: -Dfile.encoding=UTF8 -Dfile.encoding=UTF-8 
java_command: com.microservicio.usuario.core.microserviciousuario.MicroserviciousuarioApplication
java_class_path (initial): D:\UNIVERSIDAD\Ingenieria de Sistemas\CURSO_SPRING_ANGULAR\microserviciousuario\target\classes;C:\Users\USERPC\.m2\repository\org\springframework\boot\spring-boot-starter-data-jpa\2.4.0-SNAPSHOT\spring-boot-starter-data-jpa-2.4.0-SNAPSHOT.jar;C:\Users\USERPC\.m2\repository\org\springframework\boot\spring-boot-starter-aop\2.4.0-SNAPSHOT\spring-boot-starter-aop-2.4.0-SNAPSHOT.jar;C:\Users\USERPC\.m2\repository\org\springframework\spring-aop\5.3.0-SNAPSHOT\spring-aop-5.3.0-SNAPSHOT.jar;C:\Users\USERPC\.m2\repository\org\aspectj\aspectjweaver\1.9.6\aspectjweaver-1.9.6.jar;C:\Users\USERPC\.m2\repository\org\springframework\boot\spring-boot-starter-jdbc\2.4.0-SNAPSHOT\spring-boot-starter-jdbc-2.4.0-SNAPSHOT.jar;C:\Users\USERPC\.m2\repository\com\zaxxer\HikariCP\3.4.5\HikariCP-3.4.5.jar;C:\Users\USERPC\.m2\repository\org\springframework\spring-jdbc\5.3.0-SNAPSHOT\spring-jdbc-5.3.0-SNAPSHOT.jar;C:\Users\USERPC\.m2\repository\jakarta\transaction\jakarta.transaction-api\1.3.3\jakarta.transaction-api-1.3.3.jar;C:\Users\USERPC\.m2\repository\jakarta\persistence\jakarta.persistence-api\2.2.3\jakarta.persistence-api-2.2.3.jar;C:\Users\USERPC\.m2\repository\org\hibernate\hibernate-core\5.4.22.Final\hibernate-core-5.4.22.Final.jar;C:\Users\USERPC\.m2\repository\org\jboss\logging\jboss-logging\3.4.1.Final\jboss-logging-3.4.1.Final.jar;C:\Users\USERPC\.m2\repository\org\javassist\javassist\3.24.0-GA\javassist-3.24.0-GA.jar;C:\Users\USERPC\.m2\repository\net\bytebuddy\byte-buddy\1.10.17\byte-buddy-1.10.17.jar;C:\Users\USERPC\.m2\repository\antlr\antlr\2.7.7\antlr-2.7.7.jar;C:\Users\USERPC\.m2\repository\org\jboss\jandex\2.1.3.Final\jandex-2.1.3.Final.jar;C:\Users\USERPC\.m2\repository\com\fasterxml\classmate\1.5.1\classmate-1.5.1.jar;C:\Users\USERPC\.m2\repository\org\dom4j\dom4j\2.1.3\dom4j-2.1.3.jar;C:\Users\USERPC\.m2\repository\org\hibernate\common\hibernate-commons-annotations\5.1.0.Final\hibernate-commons-annotations-5.1.0.Final.jar;C:\Users\USERPC\.
Launcher Type: SUN_STANDARD

Environment Variables:
JAVA_HOME=C:\Program Files\Java\jdk1.8.0_101
JAVA_TOOL_OPTIONS=-Dfile.encoding=UTF8
USERNAME=USERPC
OS=Windows_NT
PROCESSOR_IDENTIFIER=Intel64 Family 6 Model 58 Stepping 9, GenuineIntel



---------------  S Y S T E M  ---------------

OS: Windows 10.0 , 64 bit Build 18362 (10.0.18362.1082)

CPU:total 2 (2 cores per cpu, 1 threads per core) family 6 model 58 stepping 9, cmov, cx8, fxsr, mmx, sse, sse2, sse3, ssse3, sse4.1, sse4.2, popcnt, clmul, erms, tsc, tscinvbit, tscinv

Memory: 4k page, physical 6180104k(625012k free), swap 13322088k(4644k free)

vm_info: Java HotSpot(TM) 64-Bit Server VM (25.101-b13) for windows-amd64 JRE (1.8.0_101-b13), built on Jun 22 2016 01:21:29 by "java_re" with MS VC++ 10.0 (VS2010)

time: Thu Oct 22 22:41:16 2020
elapsed time: 12 seconds (0d 0h 0m 12s)

